<?xml version="1.0" encoding="UTF-8"?>
<!-- Generated by org.testng.reporters.JUnitReportReporter -->
<testsuite skipped="0" hostname="DESKTOP-TR0JSC6" name="com.PrcticeProject.cucumber_jvm_template.AppTest" tests="1" failures="0" timestamp="18 Dec 2019 01:17:53 GMT" time="0.022" errors="0">
  <testcase name="testApp" time="0.022" classname="com.PrcticeProject.cucumber_jvm_template.AppTest"/>
</testsuite> <!-- com.PrcticeProject.cucumber_jvm_template.AppTest -->
